line: 33
	$link: App\Models\Link Object
(
    [connection:protected] => mysql
    [table:protected] => links
    [primaryKey:protected] => id
    [keyType:protected] => int
    [incrementing] => 1
    [with:protected] => Array
        (
        )

    [withCount:protected] => Array
        (
        )

    [preventsLazyLoading] => 
    [perPage:protected] => 15
    [exists] => 1
    [wasRecentlyCreated] => 1
    [escapeWhenCastingToString:protected] => 
    [attributes:protected] => Array
        (
            [url_to_short] => http://yan.com
            [short_url_suffix] => eedaff
            [updated_at] => 2023-06-28 11:09:41
            [created_at] => 2023-06-28 11:09:41
            [id] => 7
        )

    [original:protected] => Array
        (
            [url_to_short] => http://yan.com
            [short_url_suffix] => eedaff
            [updated_at] => 2023-06-28 11:09:41
            [created_at] => 2023-06-28 11:09:41
            [id] => 7
        )

    [changes:protected] => Array
        (
        )

    [casts:protected] => Array
        (
        )

    [classCastCache:protected] => Array
        (
        )

    [attributeCastCache:protected] => Array
        (
        )

    [dates:protected] => Array
        (
        )

    [dateFormat:protected] => 
    [appends:protected] => Array
        (
        )

    [dispatchesEvents:protected] => Array
        (
        )

    [observables:protected] => Array
        (
        )

    [relations:protected] => Array
        (
        )

    [touches:protected] => Array
        (
        )

    [timestamps] => 1
    [hidden:protected] => Array
        (
        )

    [visible:protected] => Array
        (
        )

    [fillable:protected] => Array
        (
            [0] => url_to_short
            [1] => short_url_suffix
        )

    [guarded:protected] => Array
        (
            [0] => *
        )

)


